\BOOKMARK [0][-]{section*.3}{\376\377\004\022\004\022\004\025\004\024\004\025\004\035\004\030\004\025}{}% 1
\BOOKMARK [0][-]{chapter.1}{\376\377\004\037\004\040\004\025\004\024\004\034\004\025\004\042\004\035\004\020\004\057\000\040\004\036\004\021\004\033\004\020\004\041\004\042\004\054\000\040\004\030\000\040\004\042\004\025\004\045\004\035\004\036\004\033\004\036\004\023\004\030\004\030}{}% 2
\BOOKMARK [1][-]{section.1.1}{\376\377\004\030\004\101\004\101\004\073\004\065\004\064\004\076\004\062\004\060\004\075\004\070\004\065\000\040\004\077\004\100\004\065\004\064\004\074\004\065\004\102\004\075\004\076\004\071\000\040\004\076\004\061\004\073\004\060\004\101\004\102\004\070}{chapter.1}% 3
\BOOKMARK [1][-]{section.1.2}{\376\377\004\036\004\077\004\100\004\065\004\064\004\065\004\073\004\065\004\075\004\070\004\065\000\040\004\106\004\065\004\073\004\065\004\062\004\076\004\071\000\040\004\060\004\103\004\064\004\070\004\102\004\076\004\100\004\070\004\070}{chapter.1}% 4
\BOOKMARK [1][-]{section.1.3}{\376\377\004\037\004\100\004\076\004\065\004\072\004\102\004\070\004\100\004\076\004\062\004\060\004\075\004\070\004\065\000\040\004\061\004\070\004\067\004\075\004\065\004\101\000-\004\077\004\100\004\076\004\106\004\065\004\101\004\101\004\076\004\062}{chapter.1}% 5
\BOOKMARK [1][-]{section.1.4}{\376\377\004\020\004\075\004\060\004\073\004\070\004\067\000\040\004\060\004\075\004\060\004\073\004\076\004\063\004\076\004\062\000\040\004\070\000\040\004\072\004\076\004\075\004\072\004\103\004\100\004\065\004\075\004\102\004\076\004\062}{chapter.1}% 6
\BOOKMARK [1][-]{section.1.5}{\376\377\004\036\004\077\004\100\004\065\004\064\004\065\004\073\004\065\004\075\004\070\004\065\000\040\004\102\004\100\004\065\004\061\004\076\004\062\004\060\004\075\004\070\004\071\000\040\004\072\000\040\004\101\004\070\004\101\004\102\004\065\004\074\004\065}{chapter.1}% 7
\BOOKMARK [1][-]{section.1.6}{\376\377\004\037\004\100\004\076\004\065\004\072\004\102\004\070\004\100\004\076\004\062\004\060\004\075\004\070\004\065\000\040\004\060\004\100\004\105\004\070\004\102\004\065\004\072\004\102\004\103\004\100\004\113\000\040\004\101\004\070\004\101\004\102\004\065\004\074\004\113}{chapter.1}% 8
\BOOKMARK [1][-]{section.1.7}{\376\377\004\022\004\113\004\061\004\076\004\100\000\040\004\077\004\100\004\076\004\063\004\100\004\060\004\074\004\074\004\075\004\113\004\105\000\040\004\070\000\040\004\102\004\065\004\105\004\075\004\070\004\107\004\065\004\101\004\072\004\070\004\105\000\040\004\101\004\100\004\065\004\064\004\101\004\102\004\062\000\040\004\100\004\060\004\067\004\100\004\060\004\061\004\076\004\102\004\072\004\070}{chapter.1}% 9
\BOOKMARK [1][-]{section.1.8}{\376\377\004\022\004\113\004\062\004\076\004\064\004\113\000\040\004\077\004\076\000\040\004\063\004\073\004\060\004\062\004\065}{chapter.1}% 10
\BOOKMARK [0][-]{chapter.2}{\376\377\004\042\004\025\004\045\004\035\004\030\004\047\004\025\004\041\004\032\004\020\004\057\000\040\004\040\004\025\004\020\004\033\004\030\004\027\004\020\004\046\004\030\004\057\000\040\004\041\004\030\004\041\004\042\004\025\004\034\004\053}{}% 11
\BOOKMARK [1][-]{section.2.1}{\376\377\004\040\004\060\004\067\004\100\004\060\004\061\004\076\004\102\004\072\004\060\000\040\004\077\004\076\004\073\004\114\004\067\004\076\004\062\004\060\004\102\004\065\004\073\004\114\004\101\004\072\004\076\004\063\004\076\000\040\004\070\004\075\004\102\004\065\004\100\004\104\004\065\004\071\004\101\004\060\000\040\004\077\004\100\004\070\004\073\004\076\004\066\004\065\004\075\004\070\004\117}{chapter.2}% 12
\BOOKMARK [1][-]{section.2.2}{\376\377\004\042\004\065\004\105\004\075\004\070\004\107\004\065\004\101\004\072\004\060\004\117\000\040\004\100\004\065\004\060\004\073\004\070\004\067\004\060\004\106\004\070\004\117\000\040\004\101\004\065\004\100\004\062\004\065\004\100\004\075\004\076\004\071\000\040\004\107\004\060\004\101\004\102\004\070}{chapter.2}% 13
\BOOKMARK [1][-]{section.2.3}{\376\377\004\042\004\065\004\105\004\075\004\070\004\107\004\065\004\101\004\072\004\060\004\117\000\040\004\100\004\065\004\060\004\073\004\070\004\067\004\060\004\106\004\070\004\117\000\040\004\072\004\073\004\070\004\065\004\075\004\102\004\101\004\072\004\076\004\071\000\040\004\107\004\060\004\101\004\102\004\070}{chapter.2}% 14
\BOOKMARK [1][-]{section.2.4}{\376\377\004\022\004\113\004\062\004\076\004\064}{chapter.2}% 15
\BOOKMARK [0][-]{chapter.3}{\376\377\004\042\004\025\004\041\004\042\004\030\004\040\004\036\004\022\004\020\004\035\004\030\004\025\000,\000\040\004\040\004\020\004\027\004\022\004\025\004\040\004\042\004\053\004\022\004\020\004\035\004\030\004\025\000\040\004\030\000\040\004\022\004\035\004\025\004\024\004\040\004\025\004\035\004\030\004\025\000\040\004\041\004\030\004\041\004\042\004\025\004\034\004\053}{}% 16
\BOOKMARK [1][-]{section.3.1}{\376\377\004\042\004\065\004\101\004\102\004\070\004\100\004\076\004\062\004\060\004\075\004\070\004\065\000\040\004\101\004\070\004\101\004\102\004\065\004\074\004\113}{chapter.3}% 17
\BOOKMARK [1][-]{section.3.2}{\376\377\004\040\004\060\004\067\004\062\004\065\004\100\004\102\004\113\004\062\004\060\004\075\004\070\004\065\000\040\004\075\004\060\000\040\004\101\004\065\004\100\004\062\004\065\004\100\004\065}{chapter.3}% 18
\BOOKMARK [1][-]{section.3.3}{\376\377\004\037\004\065\004\100\004\101\004\077\004\065\004\072\004\102\004\070\004\062\004\113\000\040\004\100\004\060\004\067\004\062\004\070\004\102\004\070\004\117\000\040\004\101\004\070\004\101\004\102\004\065\004\074\004\113}{chapter.3}% 19
\BOOKMARK [1][-]{section.3.4}{\376\377\004\022\004\113\004\062\004\076\004\064\004\113\000\040\004\077\004\076\000\040\004\063\004\073\004\060\004\062\004\065}{chapter.3}% 20
\BOOKMARK [0][-]{section*.34}{\376\377\004\027\004\020\004\032\004\033\004\056\004\047\004\025\004\035\004\030\004\025}{}% 21
\BOOKMARK [0][-]{section*.35}{\376\377\004\041\004\037\004\030\004\041\004\036\004\032\000\040\004\030\004\041\004\037\004\036\004\033\004\054\004\027\004\036\004\022\004\020\004\035\004\035\004\053\004\045\000\040\004\030\004\041\004\042\004\036\004\047\004\035\004\030\004\032\004\036\004\022}{}% 22
